{"/home/orkhan/Documents/projects/number-to-azerbaijani-word/src/spelling/float.js": {"path":"/home/orkhan/Documents/projects/number-to-azerbaijani-word/src/spelling/float.js","statementMap":{"0":{"start":{"line":27,"column":19},"end":{"line":76,"column":1}},"1":{"start":{"line":28,"column":23},"end":{"line":28,"column":51}},"2":{"start":{"line":29,"column":22},"end":{"line":29,"column":51}},"3":{"start":{"line":30,"column":29},"end":{"line":30,"column":51}},"4":{"start":{"line":31,"column":23},"end":{"line":31,"column":52}},"5":{"start":{"line":33,"column":16},"end":{"line":33,"column":18}},"6":{"start":{"line":34,"column":17},"end":{"line":34,"column":18}},"7":{"start":{"line":36,"column":2},"end":{"line":68,"column":3}},"8":{"start":{"line":37,"column":4},"end":{"line":37,"column":17}},"9":{"start":{"line":38,"column":9},"end":{"line":68,"column":3}},"10":{"start":{"line":39,"column":4},"end":{"line":39,"column":17}},"11":{"start":{"line":40,"column":25},"end":{"line":40,"column":58}},"12":{"start":{"line":41,"column":4},"end":{"line":45,"column":5}},"13":{"start":{"line":42,"column":6},"end":{"line":42,"column":26}},"14":{"start":{"line":43,"column":11},"end":{"line":45,"column":5}},"15":{"start":{"line":44,"column":6},"end":{"line":44,"column":27}},"16":{"start":{"line":46,"column":4},"end":{"line":47,"column":74}},"17":{"start":{"line":48,"column":9},"end":{"line":68,"column":3}},"18":{"start":{"line":49,"column":4},"end":{"line":49,"column":17}},"19":{"start":{"line":50,"column":24},"end":{"line":50,"column":60}},"20":{"start":{"line":51,"column":4},"end":{"line":55,"column":5}},"21":{"start":{"line":52,"column":6},"end":{"line":52,"column":25}},"22":{"start":{"line":53,"column":11},"end":{"line":55,"column":5}},"23":{"start":{"line":54,"column":6},"end":{"line":54,"column":26}},"24":{"start":{"line":56,"column":4},"end":{"line":56,"column":80}},"25":{"start":{"line":57,"column":9},"end":{"line":68,"column":3}},"26":{"start":{"line":58,"column":4},"end":{"line":58,"column":17}},"27":{"start":{"line":59,"column":24},"end":{"line":59,"column":63}},"28":{"start":{"line":60,"column":4},"end":{"line":64,"column":5}},"29":{"start":{"line":61,"column":6},"end":{"line":61,"column":25}},"30":{"start":{"line":62,"column":11},"end":{"line":64,"column":5}},"31":{"start":{"line":63,"column":6},"end":{"line":63,"column":26}},"32":{"start":{"line":65,"column":4},"end":{"line":65,"column":80}},"33":{"start":{"line":66,"column":9},"end":{"line":68,"column":3}},"34":{"start":{"line":67,"column":4},"end":{"line":67,"column":18}},"35":{"start":{"line":70,"column":30},"end":{"line":70,"column":55}},"36":{"start":{"line":71,"column":31},"end":{"line":71,"column":57}},"37":{"start":{"line":72,"column":23},"end":{"line":72,"column":47}},"38":{"start":{"line":73,"column":17},"end":{"line":73,"column":48}},"39":{"start":{"line":75,"column":2},"end":{"line":75,"column":102}}},"fnMap":{"0":{"name":"(anonymous_0)","decl":{"start":{"line":27,"column":19},"end":{"line":27,"column":20}},"loc":{"start":{"line":27,"column":29},"end":{"line":76,"column":1}},"line":27}},"branchMap":{"0":{"loc":{"start":{"line":36,"column":2},"end":{"line":68,"column":3}},"type":"if","locations":[{"start":{"line":36,"column":2},"end":{"line":68,"column":3}},{"start":{"line":36,"column":2},"end":{"line":68,"column":3}}],"line":36},"1":{"loc":{"start":{"line":38,"column":9},"end":{"line":68,"column":3}},"type":"if","locations":[{"start":{"line":38,"column":9},"end":{"line":68,"column":3}},{"start":{"line":38,"column":9},"end":{"line":68,"column":3}}],"line":38},"2":{"loc":{"start":{"line":38,"column":13},"end":{"line":38,"column":62}},"type":"binary-expr","locations":[{"start":{"line":38,"column":13},"end":{"line":38,"column":36}},{"start":{"line":38,"column":40},"end":{"line":38,"column":62}}],"line":38},"3":{"loc":{"start":{"line":41,"column":4},"end":{"line":45,"column":5}},"type":"if","locations":[{"start":{"line":41,"column":4},"end":{"line":45,"column":5}},{"start":{"line":41,"column":4},"end":{"line":45,"column":5}}],"line":41},"4":{"loc":{"start":{"line":41,"column":8},"end":{"line":41,"column":49}},"type":"binary-expr","locations":[{"start":{"line":41,"column":8},"end":{"line":41,"column":26}},{"start":{"line":41,"column":30},"end":{"line":41,"column":49}}],"line":41},"5":{"loc":{"start":{"line":43,"column":11},"end":{"line":45,"column":5}},"type":"if","locations":[{"start":{"line":43,"column":11},"end":{"line":45,"column":5}},{"start":{"line":43,"column":11},"end":{"line":45,"column":5}}],"line":43},"6":{"loc":{"start":{"line":43,"column":15},"end":{"line":43,"column":58}},"type":"binary-expr","locations":[{"start":{"line":43,"column":15},"end":{"line":43,"column":34}},{"start":{"line":43,"column":38},"end":{"line":43,"column":58}}],"line":43},"7":{"loc":{"start":{"line":47,"column":6},"end":{"line":47,"column":73}},"type":"cond-expr","locations":[{"start":{"line":47,"column":27},"end":{"line":47,"column":68}},{"start":{"line":47,"column":71},"end":{"line":47,"column":73}}],"line":47},"8":{"loc":{"start":{"line":48,"column":9},"end":{"line":68,"column":3}},"type":"if","locations":[{"start":{"line":48,"column":9},"end":{"line":68,"column":3}},{"start":{"line":48,"column":9},"end":{"line":68,"column":3}}],"line":48},"9":{"loc":{"start":{"line":48,"column":13},"end":{"line":48,"column":62}},"type":"binary-expr","locations":[{"start":{"line":48,"column":13},"end":{"line":48,"column":36}},{"start":{"line":48,"column":40},"end":{"line":48,"column":62}}],"line":48},"10":{"loc":{"start":{"line":51,"column":4},"end":{"line":55,"column":5}},"type":"if","locations":[{"start":{"line":51,"column":4},"end":{"line":55,"column":5}},{"start":{"line":51,"column":4},"end":{"line":55,"column":5}}],"line":51},"11":{"loc":{"start":{"line":51,"column":8},"end":{"line":51,"column":47}},"type":"binary-expr","locations":[{"start":{"line":51,"column":8},"end":{"line":51,"column":25}},{"start":{"line":51,"column":29},"end":{"line":51,"column":47}}],"line":51},"12":{"loc":{"start":{"line":53,"column":11},"end":{"line":55,"column":5}},"type":"if","locations":[{"start":{"line":53,"column":11},"end":{"line":55,"column":5}},{"start":{"line":53,"column":11},"end":{"line":55,"column":5}}],"line":53},"13":{"loc":{"start":{"line":53,"column":15},"end":{"line":53,"column":56}},"type":"binary-expr","locations":[{"start":{"line":53,"column":15},"end":{"line":53,"column":33}},{"start":{"line":53,"column":37},"end":{"line":53,"column":56}}],"line":53},"14":{"loc":{"start":{"line":56,"column":14},"end":{"line":56,"column":79}},"type":"cond-expr","locations":[{"start":{"line":56,"column":34},"end":{"line":56,"column":74}},{"start":{"line":56,"column":77},"end":{"line":56,"column":79}}],"line":56},"15":{"loc":{"start":{"line":57,"column":9},"end":{"line":68,"column":3}},"type":"if","locations":[{"start":{"line":57,"column":9},"end":{"line":68,"column":3}},{"start":{"line":57,"column":9},"end":{"line":68,"column":3}}],"line":57},"16":{"loc":{"start":{"line":57,"column":13},"end":{"line":57,"column":63}},"type":"binary-expr","locations":[{"start":{"line":57,"column":13},"end":{"line":57,"column":36}},{"start":{"line":57,"column":40},"end":{"line":57,"column":63}}],"line":57},"17":{"loc":{"start":{"line":60,"column":4},"end":{"line":64,"column":5}},"type":"if","locations":[{"start":{"line":60,"column":4},"end":{"line":64,"column":5}},{"start":{"line":60,"column":4},"end":{"line":64,"column":5}}],"line":60},"18":{"loc":{"start":{"line":60,"column":8},"end":{"line":60,"column":47}},"type":"binary-expr","locations":[{"start":{"line":60,"column":8},"end":{"line":60,"column":25}},{"start":{"line":60,"column":29},"end":{"line":60,"column":47}}],"line":60},"19":{"loc":{"start":{"line":62,"column":11},"end":{"line":64,"column":5}},"type":"if","locations":[{"start":{"line":62,"column":11},"end":{"line":64,"column":5}},{"start":{"line":62,"column":11},"end":{"line":64,"column":5}}],"line":62},"20":{"loc":{"start":{"line":62,"column":15},"end":{"line":62,"column":56}},"type":"binary-expr","locations":[{"start":{"line":62,"column":15},"end":{"line":62,"column":33}},{"start":{"line":62,"column":37},"end":{"line":62,"column":56}}],"line":62},"21":{"loc":{"start":{"line":65,"column":14},"end":{"line":65,"column":79}},"type":"cond-expr","locations":[{"start":{"line":65,"column":34},"end":{"line":65,"column":74}},{"start":{"line":65,"column":77},"end":{"line":65,"column":79}}],"line":65},"22":{"loc":{"start":{"line":66,"column":9},"end":{"line":68,"column":3}},"type":"if","locations":[{"start":{"line":66,"column":9},"end":{"line":68,"column":3}},{"start":{"line":66,"column":9},"end":{"line":68,"column":3}}],"line":66}},"s":{"0":1,"1":9,"2":9,"3":9,"4":9,"5":9,"6":9,"7":9,"8":2,"9":7,"10":3,"11":3,"12":3,"13":1,"14":2,"15":1,"16":3,"17":4,"18":3,"19":3,"20":3,"21":1,"22":2,"23":1,"24":3,"25":1,"26":1,"27":1,"28":1,"29":0,"30":1,"31":0,"32":1,"33":0,"34":0,"35":9,"36":9,"37":9,"38":9,"39":9},"f":{"0":9},"b":{"0":[2,7],"1":[3,4],"2":[7,7],"3":[1,2],"4":[3,2],"5":[1,1],"6":[2,1],"7":[2,1],"8":[3,1],"9":[4,4],"10":[1,2],"11":[3,2],"12":[1,1],"13":[2,1],"14":[2,1],"15":[1,0],"16":[1,1],"17":[0,1],"18":[1,0],"19":[0,1],"20":[1,0],"21":[0,1],"22":[0,0]},"_coverageSchema":"43e27e138ebf9cfc5966b082cf9a028302ed4184","hash":"e44121efababbc6c2c1d4672d1f30458f7ffaee1"}
,"/home/orkhan/Documents/projects/number-to-azerbaijani-word/src/spelling/integer.js": {"path":"/home/orkhan/Documents/projects/number-to-azerbaijani-word/src/spelling/integer.js","statementMap":{"0":{"start":{"line":37,"column":14},"end":{"line":37,"column":16}},"1":{"start":{"line":44,"column":29},"end":{"line":186,"column":1}},"2":{"start":{"line":47,"column":2},"end":{"line":49,"column":3}},"3":{"start":{"line":48,"column":4},"end":{"line":48,"column":24}},"4":{"start":{"line":52,"column":17},"end":{"line":52,"column":19}},"5":{"start":{"line":54,"column":15},"end":{"line":54,"column":46}},"6":{"start":{"line":56,"column":17},"end":{"line":56,"column":32}},"7":{"start":{"line":61,"column":2},"end":{"line":65,"column":3}},"8":{"start":{"line":62,"column":19},"end":{"line":62,"column":25}},"9":{"start":{"line":63,"column":4},"end":{"line":63,"column":24}},"10":{"start":{"line":64,"column":4},"end":{"line":64,"column":16}},"11":{"start":{"line":67,"column":2},"end":{"line":182,"column":3}},"12":{"start":{"line":70,"column":28},"end":{"line":70,"column":60}},"13":{"start":{"line":72,"column":4},"end":{"line":72,"column":36}},"14":{"start":{"line":74,"column":4},"end":{"line":74,"column":32}},"15":{"start":{"line":75,"column":9},"end":{"line":182,"column":3}},"16":{"start":{"line":79,"column":25},"end":{"line":79,"column":50}},"17":{"start":{"line":81,"column":21},"end":{"line":81,"column":63}},"18":{"start":{"line":82,"column":4},"end":{"line":82,"column":60}},"19":{"start":{"line":84,"column":26},"end":{"line":84,"column":64}},"20":{"start":{"line":86,"column":4},"end":{"line":86,"column":34}},"21":{"start":{"line":88,"column":4},"end":{"line":88,"column":30}},"22":{"start":{"line":89,"column":9},"end":{"line":182,"column":3}},"23":{"start":{"line":93,"column":29},"end":{"line":93,"column":55}},"24":{"start":{"line":94,"column":22},"end":{"line":94,"column":34}},"25":{"start":{"line":98,"column":6},"end":{"line":98,"column":72}},"26":{"start":{"line":101,"column":29},"end":{"line":103,"column":15}},"27":{"start":{"line":106,"column":6},"end":{"line":108,"column":26}},"28":{"start":{"line":110,"column":4},"end":{"line":110,"column":34}},"29":{"start":{"line":112,"column":4},"end":{"line":112,"column":30}},"30":{"start":{"line":113,"column":9},"end":{"line":182,"column":3}},"31":{"start":{"line":117,"column":30},"end":{"line":117,"column":57}},"32":{"start":{"line":118,"column":22},"end":{"line":118,"column":35}},"33":{"start":{"line":124,"column":6},"end":{"line":126,"column":12}},"34":{"start":{"line":128,"column":30},"end":{"line":130,"column":16}},"35":{"start":{"line":133,"column":6},"end":{"line":135,"column":27}},"36":{"start":{"line":137,"column":4},"end":{"line":137,"column":34}},"37":{"start":{"line":139,"column":4},"end":{"line":139,"column":30}},"38":{"start":{"line":140,"column":9},"end":{"line":182,"column":3}},"39":{"start":{"line":143,"column":29},"end":{"line":143,"column":55}},"40":{"start":{"line":144,"column":22},"end":{"line":144,"column":34}},"41":{"start":{"line":148,"column":6},"end":{"line":148,"column":79}},"42":{"start":{"line":150,"column":28},"end":{"line":152,"column":15}},"43":{"start":{"line":155,"column":6},"end":{"line":157,"column":25}},"44":{"start":{"line":159,"column":4},"end":{"line":159,"column":34}},"45":{"start":{"line":161,"column":4},"end":{"line":161,"column":30}},"46":{"start":{"line":162,"column":9},"end":{"line":182,"column":3}},"47":{"start":{"line":163,"column":29},"end":{"line":163,"column":55}},"48":{"start":{"line":164,"column":22},"end":{"line":164,"column":34}},"49":{"start":{"line":167,"column":6},"end":{"line":167,"column":79}},"50":{"start":{"line":169,"column":28},"end":{"line":171,"column":15}},"51":{"start":{"line":174,"column":6},"end":{"line":176,"column":25}},"52":{"start":{"line":178,"column":4},"end":{"line":178,"column":30}},"53":{"start":{"line":179,"column":9},"end":{"line":182,"column":3}},"54":{"start":{"line":180,"column":20},"end":{"line":180,"column":26}},"55":{"start":{"line":181,"column":4},"end":{"line":181,"column":37}},"56":{"start":{"line":185,"column":2},"end":{"line":185,"column":25}}},"fnMap":{"0":{"name":"(anonymous_0)","decl":{"start":{"line":44,"column":29},"end":{"line":44,"column":30}},"loc":{"start":{"line":44,"column":66},"end":{"line":186,"column":1}},"line":44}},"branchMap":{"0":{"loc":{"start":{"line":44,"column":37},"end":{"line":44,"column":61}},"type":"default-arg","locations":[{"start":{"line":44,"column":57},"end":{"line":44,"column":61}}],"line":44},"1":{"loc":{"start":{"line":47,"column":2},"end":{"line":49,"column":3}},"type":"if","locations":[{"start":{"line":47,"column":2},"end":{"line":49,"column":3}},{"start":{"line":47,"column":2},"end":{"line":49,"column":3}}],"line":47},"2":{"loc":{"start":{"line":54,"column":15},"end":{"line":54,"column":46}},"type":"cond-expr","locations":[{"start":{"line":54,"column":27},"end":{"line":54,"column":41}},{"start":{"line":54,"column":44},"end":{"line":54,"column":46}}],"line":54},"3":{"loc":{"start":{"line":61,"column":2},"end":{"line":65,"column":3}},"type":"if","locations":[{"start":{"line":61,"column":2},"end":{"line":65,"column":3}},{"start":{"line":61,"column":2},"end":{"line":65,"column":3}}],"line":61},"4":{"loc":{"start":{"line":61,"column":6},"end":{"line":61,"column":38}},"type":"binary-expr","locations":[{"start":{"line":61,"column":6},"end":{"line":61,"column":17}},{"start":{"line":61,"column":21},"end":{"line":61,"column":38}}],"line":61},"5":{"loc":{"start":{"line":67,"column":2},"end":{"line":182,"column":3}},"type":"if","locations":[{"start":{"line":67,"column":2},"end":{"line":182,"column":3}},{"start":{"line":67,"column":2},"end":{"line":182,"column":3}}],"line":67},"6":{"loc":{"start":{"line":67,"column":6},"end":{"line":67,"column":32}},"type":"binary-expr","locations":[{"start":{"line":67,"column":6},"end":{"line":67,"column":17}},{"start":{"line":67,"column":21},"end":{"line":67,"column":32}}],"line":67},"7":{"loc":{"start":{"line":70,"column":28},"end":{"line":70,"column":60}},"type":"cond-expr","locations":[{"start":{"line":70,"column":41},"end":{"line":70,"column":55}},{"start":{"line":70,"column":58},"end":{"line":70,"column":60}}],"line":70},"8":{"loc":{"start":{"line":75,"column":9},"end":{"line":182,"column":3}},"type":"if","locations":[{"start":{"line":75,"column":9},"end":{"line":182,"column":3}},{"start":{"line":75,"column":9},"end":{"line":182,"column":3}}],"line":75},"9":{"loc":{"start":{"line":75,"column":13},"end":{"line":75,"column":41}},"type":"binary-expr","locations":[{"start":{"line":75,"column":13},"end":{"line":75,"column":25}},{"start":{"line":75,"column":29},"end":{"line":75,"column":41}}],"line":75},"10":{"loc":{"start":{"line":81,"column":21},"end":{"line":81,"column":63}},"type":"cond-expr","locations":[{"start":{"line":81,"column":39},"end":{"line":81,"column":58}},{"start":{"line":81,"column":61},"end":{"line":81,"column":63}}],"line":81},"11":{"loc":{"start":{"line":82,"column":17},"end":{"line":82,"column":59}},"type":"cond-expr","locations":[{"start":{"line":82,"column":30},"end":{"line":82,"column":46}},{"start":{"line":82,"column":49},"end":{"line":82,"column":59}}],"line":82},"12":{"loc":{"start":{"line":89,"column":9},"end":{"line":182,"column":3}},"type":"if","locations":[{"start":{"line":89,"column":9},"end":{"line":182,"column":3}},{"start":{"line":89,"column":9},"end":{"line":182,"column":3}}],"line":89},"13":{"loc":{"start":{"line":89,"column":13},"end":{"line":89,"column":43}},"type":"binary-expr","locations":[{"start":{"line":89,"column":13},"end":{"line":89,"column":26}},{"start":{"line":89,"column":30},"end":{"line":89,"column":43}}],"line":89},"14":{"loc":{"start":{"line":98,"column":6},"end":{"line":98,"column":72}},"type":"cond-expr","locations":[{"start":{"line":98,"column":29},"end":{"line":98,"column":67}},{"start":{"line":98,"column":70},"end":{"line":98,"column":72}}],"line":98},"15":{"loc":{"start":{"line":101,"column":29},"end":{"line":103,"column":15}},"type":"cond-expr","locations":[{"start":{"line":102,"column":8},"end":{"line":102,"column":45}},{"start":{"line":103,"column":8},"end":{"line":103,"column":15}}],"line":101},"16":{"loc":{"start":{"line":106,"column":6},"end":{"line":108,"column":26}},"type":"cond-expr","locations":[{"start":{"line":107,"column":10},"end":{"line":107,"column":73}},{"start":{"line":108,"column":10},"end":{"line":108,"column":26}}],"line":106},"17":{"loc":{"start":{"line":113,"column":9},"end":{"line":182,"column":3}},"type":"if","locations":[{"start":{"line":113,"column":9},"end":{"line":182,"column":3}},{"start":{"line":113,"column":9},"end":{"line":182,"column":3}}],"line":113},"18":{"loc":{"start":{"line":113,"column":13},"end":{"line":113,"column":43}},"type":"binary-expr","locations":[{"start":{"line":113,"column":13},"end":{"line":113,"column":27}},{"start":{"line":113,"column":31},"end":{"line":113,"column":43}}],"line":113},"19":{"loc":{"start":{"line":124,"column":6},"end":{"line":126,"column":12}},"type":"cond-expr","locations":[{"start":{"line":125,"column":10},"end":{"line":125,"column":56}},{"start":{"line":126,"column":10},"end":{"line":126,"column":12}}],"line":124},"20":{"loc":{"start":{"line":128,"column":30},"end":{"line":130,"column":16}},"type":"cond-expr","locations":[{"start":{"line":129,"column":8},"end":{"line":129,"column":47}},{"start":{"line":130,"column":8},"end":{"line":130,"column":16}}],"line":128},"21":{"loc":{"start":{"line":133,"column":6},"end":{"line":135,"column":27}},"type":"cond-expr","locations":[{"start":{"line":134,"column":10},"end":{"line":134,"column":74}},{"start":{"line":135,"column":10},"end":{"line":135,"column":27}}],"line":133},"22":{"loc":{"start":{"line":140,"column":9},"end":{"line":182,"column":3}},"type":"if","locations":[{"start":{"line":140,"column":9},"end":{"line":182,"column":3}},{"start":{"line":140,"column":9},"end":{"line":182,"column":3}}],"line":140},"23":{"loc":{"start":{"line":140,"column":13},"end":{"line":140,"column":42}},"type":"binary-expr","locations":[{"start":{"line":140,"column":13},"end":{"line":140,"column":26}},{"start":{"line":140,"column":30},"end":{"line":140,"column":42}}],"line":140},"24":{"loc":{"start":{"line":148,"column":6},"end":{"line":148,"column":79}},"type":"cond-expr","locations":[{"start":{"line":148,"column":29},"end":{"line":148,"column":74}},{"start":{"line":148,"column":77},"end":{"line":148,"column":79}}],"line":148},"25":{"loc":{"start":{"line":150,"column":28},"end":{"line":152,"column":15}},"type":"cond-expr","locations":[{"start":{"line":151,"column":8},"end":{"line":151,"column":45}},{"start":{"line":152,"column":8},"end":{"line":152,"column":15}}],"line":150},"26":{"loc":{"start":{"line":155,"column":6},"end":{"line":157,"column":25}},"type":"cond-expr","locations":[{"start":{"line":156,"column":10},"end":{"line":156,"column":72}},{"start":{"line":157,"column":10},"end":{"line":157,"column":25}}],"line":155},"27":{"loc":{"start":{"line":162,"column":9},"end":{"line":182,"column":3}},"type":"if","locations":[{"start":{"line":162,"column":9},"end":{"line":182,"column":3}},{"start":{"line":162,"column":9},"end":{"line":182,"column":3}}],"line":162},"28":{"loc":{"start":{"line":162,"column":13},"end":{"line":162,"column":43}},"type":"binary-expr","locations":[{"start":{"line":162,"column":13},"end":{"line":162,"column":26}},{"start":{"line":162,"column":30},"end":{"line":162,"column":43}}],"line":162},"29":{"loc":{"start":{"line":167,"column":6},"end":{"line":167,"column":79}},"type":"cond-expr","locations":[{"start":{"line":167,"column":29},"end":{"line":167,"column":74}},{"start":{"line":167,"column":77},"end":{"line":167,"column":79}}],"line":167},"30":{"loc":{"start":{"line":169,"column":28},"end":{"line":171,"column":15}},"type":"cond-expr","locations":[{"start":{"line":170,"column":8},"end":{"line":170,"column":45}},{"start":{"line":171,"column":8},"end":{"line":171,"column":15}}],"line":169},"31":{"loc":{"start":{"line":174,"column":6},"end":{"line":176,"column":25}},"type":"cond-expr","locations":[{"start":{"line":175,"column":10},"end":{"line":175,"column":72}},{"start":{"line":176,"column":10},"end":{"line":176,"column":25}}],"line":174},"32":{"loc":{"start":{"line":179,"column":9},"end":{"line":182,"column":3}},"type":"if","locations":[{"start":{"line":179,"column":9},"end":{"line":182,"column":3}},{"start":{"line":179,"column":9},"end":{"line":182,"column":3}}],"line":179}},"s":{"0":2,"1":2,"2":123,"3":36,"4":87,"5":87,"6":87,"7":87,"8":0,"9":0,"10":0,"11":87,"12":15,"13":15,"14":15,"15":72,"16":27,"17":27,"18":27,"19":27,"20":27,"21":27,"22":45,"23":20,"24":20,"25":20,"26":20,"27":20,"28":20,"29":20,"30":25,"31":14,"32":14,"33":14,"34":14,"35":14,"36":14,"37":14,"38":11,"39":7,"40":7,"41":7,"42":7,"43":7,"44":7,"45":7,"46":4,"47":3,"48":3,"49":3,"50":3,"51":3,"52":3,"53":1,"54":1,"55":1,"56":87},"f":{"0":123},"b":{"0":[58],"1":[36,87],"2":[6,81],"3":[0,87],"4":[87,0],"5":[15,72],"6":[87,87],"7":[15,0],"8":[27,45],"9":[72,72],"10":[22,5],"11":[22,5],"12":[20,25],"13":[45,45],"14":[15,5],"15":[15,5],"16":[18,2],"17":[14,11],"18":[25,25],"19":[11,3],"20":[11,3],"21":[14,0],"22":[7,4],"23":[11,11],"24":[7,0],"25":[7,0],"26":[7,0],"27":[3,1],"28":[4,4],"29":[3,0],"30":[3,0],"31":[1,2],"32":[1,0]},"_coverageSchema":"43e27e138ebf9cfc5966b082cf9a028302ed4184","hash":"7e498739987a1f0a5c101867aa77528b1104c9a4"}
,"/home/orkhan/Documents/projects/number-to-azerbaijani-word/src/utils/helpers.js": {"path":"/home/orkhan/Documents/projects/number-to-azerbaijani-word/src/utils/helpers.js","statementMap":{"0":{"start":{"line":31,"column":25},"end":{"line":33,"column":1}},"1":{"start":{"line":32,"column":2},"end":{"line":32,"column":41}}},"fnMap":{"0":{"name":"(anonymous_0)","decl":{"start":{"line":31,"column":25},"end":{"line":31,"column":26}},"loc":{"start":{"line":31,"column":35},"end":{"line":33,"column":1}},"line":31}},"branchMap":{},"s":{"0":1,"1":4},"f":{"0":4},"b":{},"_coverageSchema":"43e27e138ebf9cfc5966b082cf9a028302ed4184","hash":"91eac9f58d0dcc8271b3df0f98927077ae25d854"}
,"/home/orkhan/Documents/projects/number-to-azerbaijani-word/src/utils/translations.js": {"path":"/home/orkhan/Documents/projects/number-to-azerbaijani-word/src/utils/translations.js","statementMap":{"0":{"start":{"line":24,"column":22},"end":{"line":35,"column":1}},"1":{"start":{"line":37,"column":22},"end":{"line":47,"column":1}},"2":{"start":{"line":49,"column":31},"end":{"line":57,"column":1}},"3":{"start":{"line":59,"column":23},"end":{"line":59,"column":28}},"4":{"start":{"line":60,"column":24},"end":{"line":60,"column":29}},"5":{"start":{"line":61,"column":23},"end":{"line":61,"column":31}},"6":{"start":{"line":62,"column":23},"end":{"line":62,"column":32}},"7":{"start":{"line":63,"column":24},"end":{"line":63,"column":33}},"8":{"start":{"line":64,"column":27},"end":{"line":64,"column":39}},"9":{"start":{"line":66,"column":24},"end":{"line":73,"column":1}},"10":{"start":{"line":75,"column":24},"end":{"line":75,"column":31}},"11":{"start":{"line":77,"column":21},"end":{"line":77,"column":26}}},"fnMap":{},"branchMap":{},"s":{"0":2,"1":2,"2":2,"3":2,"4":2,"5":2,"6":2,"7":2,"8":2,"9":2,"10":2,"11":2},"f":{},"b":{},"_coverageSchema":"43e27e138ebf9cfc5966b082cf9a028302ed4184","hash":"68abd91677429741f97f766bece4514f49a105d1"}
}
