TN:
SF:/home/orkhan/Documents/projects/number-to-azerbaijani-word/src/spelling/float.js
FN:27,(anonymous_0)
FNF:1
FNH:1
FNDA:9,(anonymous_0)
DA:27,1
DA:28,9
DA:29,9
DA:30,9
DA:31,9
DA:33,9
DA:34,9
DA:36,9
DA:37,2
DA:38,7
DA:39,3
DA:40,3
DA:41,3
DA:42,1
DA:43,2
DA:44,1
DA:46,3
DA:48,4
DA:49,3
DA:50,3
DA:51,3
DA:52,1
DA:53,2
DA:54,1
DA:56,3
DA:57,1
DA:58,1
DA:59,1
DA:60,1
DA:61,0
DA:62,1
DA:63,0
DA:65,1
DA:66,0
DA:67,0
DA:70,9
DA:71,9
DA:72,9
DA:73,9
DA:75,9
LF:40
LH:36
BRDA:36,0,0,2
BRDA:36,0,1,7
BRDA:38,1,0,3
BRDA:38,1,1,4
BRDA:38,2,0,7
BRDA:38,2,1,7
BRDA:41,3,0,1
BRDA:41,3,1,2
BRDA:41,4,0,3
BRDA:41,4,1,2
BRDA:43,5,0,1
BRDA:43,5,1,1
BRDA:43,6,0,2
BRDA:43,6,1,1
BRDA:47,7,0,2
BRDA:47,7,1,1
BRDA:48,8,0,3
BRDA:48,8,1,1
BRDA:48,9,0,4
BRDA:48,9,1,4
BRDA:51,10,0,1
BRDA:51,10,1,2
BRDA:51,11,0,3
BRDA:51,11,1,2
BRDA:53,12,0,1
BRDA:53,12,1,1
BRDA:53,13,0,2
BRDA:53,13,1,1
BRDA:56,14,0,2
BRDA:56,14,1,1
BRDA:57,15,0,1
BRDA:57,15,1,0
BRDA:57,16,0,1
BRDA:57,16,1,1
BRDA:60,17,0,0
BRDA:60,17,1,1
BRDA:60,18,0,1
BRDA:60,18,1,0
BRDA:62,19,0,0
BRDA:62,19,1,1
BRDA:62,20,0,1
BRDA:62,20,1,0
BRDA:65,21,0,0
BRDA:65,21,1,1
BRDA:66,22,0,0
BRDA:66,22,1,0
BRF:46
BRH:38
end_of_record
TN:
SF:/home/orkhan/Documents/projects/number-to-azerbaijani-word/src/spelling/integer.js
FN:44,(anonymous_0)
FNF:1
FNH:1
FNDA:123,(anonymous_0)
DA:37,2
DA:44,2
DA:47,123
DA:48,36
DA:52,87
DA:54,87
DA:56,87
DA:61,87
DA:62,0
DA:63,0
DA:64,0
DA:67,87
DA:70,15
DA:72,15
DA:74,15
DA:75,72
DA:79,27
DA:81,27
DA:82,27
DA:84,27
DA:86,27
DA:88,27
DA:89,45
DA:93,20
DA:94,20
DA:98,20
DA:101,20
DA:106,20
DA:110,20
DA:112,20
DA:113,25
DA:117,14
DA:118,14
DA:124,14
DA:128,14
DA:133,14
DA:137,14
DA:139,14
DA:140,11
DA:143,7
DA:144,7
DA:148,7
DA:150,7
DA:155,7
DA:159,7
DA:161,7
DA:162,4
DA:163,3
DA:164,3
DA:167,3
DA:169,3
DA:174,3
DA:178,3
DA:179,1
DA:180,1
DA:181,1
DA:185,87
LF:57
LH:54
BRDA:44,0,0,58
BRDA:47,1,0,36
BRDA:47,1,1,87
BRDA:54,2,0,6
BRDA:54,2,1,81
BRDA:61,3,0,0
BRDA:61,3,1,87
BRDA:61,4,0,87
BRDA:61,4,1,0
BRDA:67,5,0,15
BRDA:67,5,1,72
BRDA:67,6,0,87
BRDA:67,6,1,87
BRDA:70,7,0,15
BRDA:70,7,1,0
BRDA:75,8,0,27
BRDA:75,8,1,45
BRDA:75,9,0,72
BRDA:75,9,1,72
BRDA:81,10,0,22
BRDA:81,10,1,5
BRDA:82,11,0,22
BRDA:82,11,1,5
BRDA:89,12,0,20
BRDA:89,12,1,25
BRDA:89,13,0,45
BRDA:89,13,1,45
BRDA:98,14,0,15
BRDA:98,14,1,5
BRDA:101,15,0,15
BRDA:101,15,1,5
BRDA:106,16,0,18
BRDA:106,16,1,2
BRDA:113,17,0,14
BRDA:113,17,1,11
BRDA:113,18,0,25
BRDA:113,18,1,25
BRDA:124,19,0,11
BRDA:124,19,1,3
BRDA:128,20,0,11
BRDA:128,20,1,3
BRDA:133,21,0,14
BRDA:133,21,1,0
BRDA:140,22,0,7
BRDA:140,22,1,4
BRDA:140,23,0,11
BRDA:140,23,1,11
BRDA:148,24,0,7
BRDA:148,24,1,0
BRDA:150,25,0,7
BRDA:150,25,1,0
BRDA:155,26,0,7
BRDA:155,26,1,0
BRDA:162,27,0,3
BRDA:162,27,1,1
BRDA:162,28,0,4
BRDA:162,28,1,4
BRDA:167,29,0,3
BRDA:167,29,1,0
BRDA:169,30,0,3
BRDA:169,30,1,0
BRDA:174,31,0,1
BRDA:174,31,1,2
BRDA:179,32,0,1
BRDA:179,32,1,0
BRF:65
BRH:55
end_of_record
TN:
SF:/home/orkhan/Documents/projects/number-to-azerbaijani-word/src/utils/helpers.js
FN:31,(anonymous_0)
FNF:1
FNH:1
FNDA:4,(anonymous_0)
DA:31,1
DA:32,4
LF:2
LH:2
BRF:0
BRH:0
end_of_record
TN:
SF:/home/orkhan/Documents/projects/number-to-azerbaijani-word/src/utils/translations.js
FNF:0
FNH:0
DA:24,2
DA:37,2
DA:49,2
DA:59,2
DA:60,2
DA:61,2
DA:62,2
DA:63,2
DA:64,2
DA:66,2
DA:75,2
DA:77,2
LF:12
LH:12
BRF:0
BRH:0
end_of_record
